WIT_Hackathon/app/build/intermediates/manifest_merge_blame_file/debug/manifest-merger-blame-debug-report.txt
1<?xml version="1.0" encoding="utf-8"?>
2<manifest xmlns:android="http://schemas.android.com/apk/res/android"
3    package="com.example.recipeapp"
4    android:versionCode="1"
5    android:versionName="1.0" >
6
7    <uses-sdk
8        android:minSdkVersion="16"
8-->src\main\AndroidManifest.xml
9        android:targetSdkVersion="30" />
9-->src\main\AndroidManifest.xml
10
11    <uses-permission android:name="android.permission.INTERNET" />
11-->src\main\AndroidManifest.xml:5:5-67
11-->src\main\AndroidManifest.xml:5:22-64
12
13    <application
13-->src\main\AndroidManifest.xml:7:5-34:19
14        android:allowBackup="true"
14-->src\main\AndroidManifest.xml:8:9-35
15        android:appComponentFactory="androidx.core.app.CoreComponentFactory"
15-->[androidx.core:core:1.5.0] AndroidManifest.xml:24:18-86
16        android:debuggable="true"
17        android:icon="@mipmap/ic_launcher"
17-->src\main\AndroidManifest.xml:9:9-43
18        android:label="@string/app_name"
18-->src\main\AndroidManifest.xml:10:9-41
19        android:roundIcon="@mipmap/ic_launcher_round"
19-->src\main\AndroidManifest.xml:11:9-54
20        android:supportsRtl="true"
20-->src\main\AndroidManifest.xml:12:9-35
21        android:testOnly="true"
22        android:theme="@style/Theme.RecipeApp"
22-->src\main\AndroidManifest.xml:13:9-47
23        android:usesCleartextTraffic="true" >
23-->src\main\AndroidManifest.xml:14:9-44
24        <activity
24-->src\main\AndroidManifest.xml:15:9-23:20
25            android:name="com.example.recipeapp.Splash"
25-->src\main\AndroidManifest.xml:15:19-41
26            android:theme="@style/Theme.RecipeApp.NoActionBar" >
26-->src\main\AndroidManifest.xml:16:13-63
27            <intent-filter>
27-->src\main\AndroidManifest.xml:17:13-21:29
28                <action android:name="android.intent.action.MAIN" />
28-->src\main\AndroidManifest.xml:18:17-69
28-->src\main\AndroidManifest.xml:18:25-66
29
30                <category android:name="android.intent.category.LAUNCHER" />
30-->src\main\AndroidManifest.xml:20:17-77
30-->src\main\AndroidManifest.xml:20:27-74
31            </intent-filter>
32        </activity>
33        <activity
33-->src\main\AndroidManifest.xml:24:9-29:20
34            android:name="com.example.recipeapp.MainActivity"
34-->src\main\AndroidManifest.xml:25:13-41
35            android:label="@string/app_name"
35-->src\main\AndroidManifest.xml:26:13-45
36            android:theme="@style/Theme.RecipeApp.NoActionBar" >
36-->src\main\AndroidManifest.xml:27:13-63
37        </activity>
38        <activity
38-->src\main\AndroidManifest.xml:30:9-32:75
39            android:name="com.example.recipeapp.RecipeDetail"
39-->src\main\AndroidManifest.xml:31:13-41
40            android:theme="@style/Theme.RecipeApp.NoActionBar" />
40-->src\main\AndroidManifest.xml:32:13-63
41        <activity android:name="com.example.recipeapp.SearchResult" />
41-->src\main\AndroidManifest.xml:33:9-50
41-->src\main\AndroidManifest.xml:33:19-47
42    </application>
43
44</manifest>